c:\users\асус\source\repos\checkers3.0\checkers3.0\debug\vc141.pdb
c:\users\асус\source\repos\checkers3.0\checkers3.0\debug\vc141.idb
c:\users\асус\source\repos\checkers3.0\checkers3.0\debug\turn.obj
c:\users\асус\source\repos\checkers3.0\checkers3.0\debug\transformer.obj
c:\users\асус\source\repos\checkers3.0\checkers3.0\debug\source.obj
c:\users\асус\source\repos\checkers3.0\checkers3.0\debug\io.obj
c:\users\асус\source\repos\checkers3.0\checkers3.0\debug\graph_of_the_game.obj
c:\users\асус\source\repos\checkers3.0\checkers3.0\debug\game.obj
c:\users\асус\source\repos\checkers3.0\checkers3.0\debug\checkers_bot.obj
c:\users\асус\source\repos\checkers3.0\checkers3.0\debug\cell.obj
c:\users\асус\source\repos\checkers3.0\checkers3.0\debug\board.obj
c:\users\асус\source\repos\checkers3.0\checkers3.0\debug\best_turn.obj
c:\users\асус\source\repos\checkers3.0\debug\checkers3.0.exe
c:\users\асус\source\repos\checkers3.0\debug\checkers3.0.ilk
c:\users\асус\source\repos\checkers3.0\debug\checkers3.0.pdb
c:\users\асус\source\repos\checkers3.0\checkers3.0\debug\checkers3.0.tlog\cl.command.1.tlog
c:\users\асус\source\repos\checkers3.0\checkers3.0\debug\checkers3.0.tlog\cl.read.1.tlog
c:\users\асус\source\repos\checkers3.0\checkers3.0\debug\checkers3.0.tlog\cl.write.1.tlog
c:\users\асус\source\repos\checkers3.0\checkers3.0\debug\checkers3.0.tlog\link.command.1.tlog
c:\users\асус\source\repos\checkers3.0\checkers3.0\debug\checkers3.0.tlog\link.read.1.tlog
c:\users\асус\source\repos\checkers3.0\checkers3.0\debug\checkers3.0.tlog\link.write.1.tlog
