  Best_turn.cpp
C:\Users\Асус\source\repos\checkers3.0\checkers3.0\Turn.h(17,16): warning C4290: спецификация исключений C++ игнорируется, кроме случая, когда указывается, что функция не является __declspec(nothrow)
C:\Users\Асус\source\repos\checkers3.0\checkers3.0\Best_turn.cpp(32,21): warning C4018: <: несоответствие типов со знаком и без знака
  Board.cpp
C:\Users\Асус\source\repos\checkers3.0\checkers3.0\Board.cpp(119,63): warning C4244: аргумент: преобразование "size_t" в "float", возможна потеря данных
C:\Users\Асус\source\repos\checkers3.0\checkers3.0\Board.cpp(119,44): warning C4244: аргумент: преобразование "size_t" в "float", возможна потеря данных
  Cell.cpp
C:\Users\Асус\source\repos\checkers3.0\checkers3.0\Cell.cpp(44,63): warning C4244: аргумент: преобразование "T" в "T", возможна потеря данных
          with
          [
              T=int
          ]
          and
          [
              T=float
          ]
C:\Users\Асус\source\repos\checkers3.0\checkers3.0\Cell.cpp(44,50): warning C4244: аргумент: преобразование "T" в "T", возможна потеря данных
          with
          [
              T=int
          ]
          and
          [
              T=float
          ]
  Checkers_bot.cpp
C:\Users\Асус\source\repos\checkers3.0\checkers3.0\Turn.h(17,16): warning C4290: спецификация исключений C++ игнорируется, кроме случая, когда указывается, что функция не является __declspec(nothrow)
C:\Users\Асус\source\repos\checkers3.0\checkers3.0\Graph_of_the_game.h(35,20): warning C4290: спецификация исключений C++ игнорируется, кроме случая, когда указывается, что функция не является __declspec(nothrow)
C:\Users\Асус\source\repos\checkers3.0\checkers3.0\Graph_of_the_game.h(36,77): warning C4290: спецификация исключений C++ игнорируется, кроме случая, когда указывается, что функция не является __declspec(nothrow)
C:\Users\Асус\source\repos\checkers3.0\checkers3.0\Graph_of_the_game.h(37,77): warning C4290: спецификация исключений C++ игнорируется, кроме случая, когда указывается, что функция не является __declspec(nothrow)
C:\Users\Асус\source\repos\checkers3.0\checkers3.0\Graph_of_the_game.h(40,56): warning C4290: спецификация исключений C++ игнорируется, кроме случая, когда указывается, что функция не является __declspec(nothrow)
C:\Users\Асус\source\repos\checkers3.0\checkers3.0\Checkers_bot.cpp(70,13): warning C4244: аргумент: преобразование "time_t" в "unsigned int", возможна потеря данных
  Game.cpp
C:\Users\Асус\source\repos\checkers3.0\checkers3.0\Turn.h(17,16): warning C4290: спецификация исключений C++ игнорируется, кроме случая, когда указывается, что функция не является __declspec(nothrow)
C:\Users\Асус\source\repos\checkers3.0\checkers3.0\Graph_of_the_game.h(35,20): warning C4290: спецификация исключений C++ игнорируется, кроме случая, когда указывается, что функция не является __declspec(nothrow)
C:\Users\Асус\source\repos\checkers3.0\checkers3.0\Graph_of_the_game.h(36,77): warning C4290: спецификация исключений C++ игнорируется, кроме случая, когда указывается, что функция не является __declspec(nothrow)
C:\Users\Асус\source\repos\checkers3.0\checkers3.0\Graph_of_the_game.h(37,77): warning C4290: спецификация исключений C++ игнорируется, кроме случая, когда указывается, что функция не является __declspec(nothrow)
C:\Users\Асус\source\repos\checkers3.0\checkers3.0\Graph_of_the_game.h(40,56): warning C4290: спецификация исключений C++ игнорируется, кроме случая, когда указывается, что функция не является __declspec(nothrow)
C:\Users\Асус\source\repos\checkers3.0\checkers3.0\Game.cpp(104,26): warning C4018: <: несоответствие типов со знаком и без знака
C:\Users\Асус\source\repos\checkers3.0\checkers3.0\Game.cpp(199,27): warning C4018: <: несоответствие типов со знаком и без знака
C:\Users\Асус\source\repos\checkers3.0\checkers3.0\Game.cpp(240,23): warning C4018: <: несоответствие типов со знаком и без знака
  Graph_of_the_game.cpp
C:\Users\Асус\source\repos\checkers3.0\checkers3.0\Turn.h(17,16): warning C4290: спецификация исключений C++ игнорируется, кроме случая, когда указывается, что функция не является __declspec(nothrow)
C:\Users\Асус\source\repos\checkers3.0\checkers3.0\Graph_of_the_game.h(35,20): warning C4290: спецификация исключений C++ игнорируется, кроме случая, когда указывается, что функция не является __declspec(nothrow)
C:\Users\Асус\source\repos\checkers3.0\checkers3.0\Graph_of_the_game.h(36,77): warning C4290: спецификация исключений C++ игнорируется, кроме случая, когда указывается, что функция не является __declspec(nothrow)
C:\Users\Асус\source\repos\checkers3.0\checkers3.0\Graph_of_the_game.h(37,77): warning C4290: спецификация исключений C++ игнорируется, кроме случая, когда указывается, что функция не является __declspec(nothrow)
C:\Users\Асус\source\repos\checkers3.0\checkers3.0\Graph_of_the_game.h(40,56): warning C4290: спецификация исключений C++ игнорируется, кроме случая, когда указывается, что функция не является __declspec(nothrow)
C:\Users\Асус\source\repos\checkers3.0\checkers3.0\Graph_of_the_game.cpp(27,205): warning C4290: спецификация исключений C++ игнорируется, кроме случая, когда указывается, что функция не является __declspec(nothrow)
C:\Users\Асус\source\repos\checkers3.0\checkers3.0\Graph_of_the_game.cpp(36,99): warning C4290: спецификация исключений C++ игнорируется, кроме случая, когда указывается, что функция не является __declspec(nothrow)
C:\Users\Асус\source\repos\checkers3.0\checkers3.0\Graph_of_the_game.cpp(45,100): warning C4290: спецификация исключений C++ игнорируется, кроме случая, когда указывается, что функция не является __declspec(nothrow)
C:\Users\Асус\source\repos\checkers3.0\checkers3.0\Graph_of_the_game.cpp(112,26): warning C4101: ex: неиспользованная локальная переменная
C:\Users\Асус\source\repos\checkers3.0\checkers3.0\Graph_of_the_game.cpp(133,26): warning C4101: ex: неиспользованная локальная переменная
C:\Users\Асус\source\repos\checkers3.0\checkers3.0\Graph_of_the_game.cpp(152,26): warning C4101: ex: неиспользованная локальная переменная
C:\Users\Асус\source\repos\checkers3.0\checkers3.0\Graph_of_the_game.cpp(181,26): warning C4101: ex: неиспользованная локальная переменная
C:\Users\Асус\source\repos\checkers3.0\checkers3.0\Graph_of_the_game.cpp(203,26): warning C4101: ex: неиспользованная локальная переменная
C:\Users\Асус\source\repos\checkers3.0\checkers3.0\Graph_of_the_game.cpp(220,26): warning C4101: ex: неиспользованная локальная переменная
C:\Users\Асус\source\repos\checkers3.0\checkers3.0\Graph_of_the_game.cpp(237,74): warning C4290: спецификация исключений C++ игнорируется, кроме случая, когда указывается, что функция не является __declspec(nothrow)
  IO.cpp
  Source.cpp
C:\Users\Асус\source\repos\checkers3.0\checkers3.0\Turn.h(17,16): warning C4290: спецификация исключений C++ игнорируется, кроме случая, когда указывается, что функция не является __declspec(nothrow)
C:\Users\Асус\source\repos\checkers3.0\checkers3.0\Graph_of_the_game.h(35,20): warning C4290: спецификация исключений C++ игнорируется, кроме случая, когда указывается, что функция не является __declspec(nothrow)
C:\Users\Асус\source\repos\checkers3.0\checkers3.0\Graph_of_the_game.h(36,77): warning C4290: спецификация исключений C++ игнорируется, кроме случая, когда указывается, что функция не является __declspec(nothrow)
C:\Users\Асус\source\repos\checkers3.0\checkers3.0\Graph_of_the_game.h(37,77): warning C4290: спецификация исключений C++ игнорируется, кроме случая, когда указывается, что функция не является __declspec(nothrow)
C:\Users\Асус\source\repos\checkers3.0\checkers3.0\Graph_of_the_game.h(40,56): warning C4290: спецификация исключений C++ игнорируется, кроме случая, когда указывается, что функция не является __declspec(nothrow)
  Transformer.cpp
C:\Users\Асус\source\repos\checkers3.0\checkers3.0\Turn.h(17,16): warning C4290: спецификация исключений C++ игнорируется, кроме случая, когда указывается, что функция не является __declspec(nothrow)
C:\Users\Асус\source\repos\checkers3.0\checkers3.0\Graph_of_the_game.h(35,20): warning C4290: спецификация исключений C++ игнорируется, кроме случая, когда указывается, что функция не является __declspec(nothrow)
C:\Users\Асус\source\repos\checkers3.0\checkers3.0\Graph_of_the_game.h(36,77): warning C4290: спецификация исключений C++ игнорируется, кроме случая, когда указывается, что функция не является __declspec(nothrow)
C:\Users\Асус\source\repos\checkers3.0\checkers3.0\Graph_of_the_game.h(37,77): warning C4290: спецификация исключений C++ игнорируется, кроме случая, когда указывается, что функция не является __declspec(nothrow)
C:\Users\Асус\source\repos\checkers3.0\checkers3.0\Graph_of_the_game.h(40,56): warning C4290: спецификация исключений C++ игнорируется, кроме случая, когда указывается, что функция не является __declspec(nothrow)
  Turn.cpp
C:\Users\Асус\source\repos\checkers3.0\checkers3.0\Turn.h(17,16): warning C4290: спецификация исключений C++ игнорируется, кроме случая, когда указывается, что функция не является __declspec(nothrow)
C:\Users\Асус\source\repos\checkers3.0\checkers3.0\Turn.cpp(10,3): warning C5043: "turn::Cage_on_field::Cage_on_field": спецификация исключения не соответствует предыдущему объявлению
C:\Users\Асус\source\repos\checkers3.0\checkers3.0\Turn.h(17): message : см. объявление "turn::Cage_on_field::Cage_on_field"
C:\Users\Асус\source\repos\checkers3.0\checkers3.0\Turn.cpp(70,21): warning C4018: <: несоответствие типов со знаком и без знака
Board.obj : error LNK2001: неразрешенный внешний символ "__declspec(dllimport) public: static class sf::RenderStates const sf::RenderStates::Default" (__imp_?Default@RenderStates@sf@@2V12@B).
Board.obj : error LNK2001: неразрешенный внешний символ "__declspec(dllimport) public: bool __thiscall sf::Texture::loadFromFile(class std::basic_string<char,struct std::char_traits<char>,class std::allocator<char> > const &,class sf::Rect<int> const &)" (__imp_?loadFromFile@Texture@sf@@QAE_NABV?$basic_string@DU?$char_traits@D@std@@V?$allocator@D@2@@std@@ABV?$Rect@H@2@@Z).
Board.obj : error LNK2001: неразрешенный внешний символ "__declspec(dllimport) public: __thiscall sf::Texture::~Texture(void)" (__imp_??1Texture@sf@@QAE@XZ).
Board.obj : error LNK2001: неразрешенный внешний символ "__declspec(dllimport) public: __thiscall sf::Texture::Texture(void)" (__imp_??0Texture@sf@@QAE@XZ).
Board.obj : error LNK2001: неразрешенный внешний символ "__declspec(dllimport) public: __thiscall sf::Texture::Texture(class sf::Texture const &)" (__imp_??0Texture@sf@@QAE@ABV01@@Z).
Board.obj : error LNK2001: неразрешенный внешний символ "__declspec(dllimport) public: void __thiscall sf::RenderTarget::draw(class sf::Drawable const &,class sf::RenderStates const &)" (__imp_?draw@RenderTarget@sf@@QAEXABVDrawable@2@ABVRenderStates@2@@Z).
Board.obj : error LNK2001: неразрешенный внешний символ "__declspec(dllimport) public: void __thiscall sf::Sprite::setTexture(class sf::Texture const &,bool)" (__imp_?setTexture@Sprite@sf@@QAEXABVTexture@2@_N@Z).
Board.obj : error LNK2001: неразрешенный внешний символ "__declspec(dllimport) public: __thiscall sf::Sprite::Sprite(void)" (__imp_??0Sprite@sf@@QAE@XZ).
Board.obj : error LNK2001: неразрешенный внешний символ "__declspec(dllimport) public: __thiscall sf::Sprite::Sprite(class sf::Sprite const &)" (__imp_??0Sprite@sf@@QAE@ABV01@@Z).
Board.obj : error LNK2001: неразрешенный внешний символ "__declspec(dllimport) public: virtual __thiscall sf::Sprite::~Sprite(void)" (__imp_??1Sprite@sf@@UAE@XZ).
Cell.obj : error LNK2001: неразрешенный внешний символ "__declspec(dllimport) public: void __thiscall sf::Transformable::setPosition(float,float)" (__imp_?setPosition@Transformable@sf@@QAEXMM@Z).
Cell.obj : error LNK2001: неразрешенный внешний символ "__declspec(dllimport) public: class sf::Rect<float> __thiscall sf::Sprite::getGlobalBounds(void)const " (__imp_?getGlobalBounds@Sprite@sf@@QBE?AV?$Rect@M@2@XZ).
Cell.obj : error LNK2001: неразрешенный внешний символ "__declspec(dllimport) public: void __thiscall sf::Sprite::setColor(class sf::Color const &)" (__imp_?setColor@Sprite@sf@@QAEXABVColor@2@@Z).
Cell.obj : error LNK2001: неразрешенный внешний символ "__declspec(dllimport) public: void __thiscall sf::Sprite::setTextureRect(class sf::Rect<int> const &)" (__imp_?setTextureRect@Sprite@sf@@QAEXABV?$Rect@H@2@@Z).
Cell.obj : error LNK2001: неразрешенный внешний символ "__declspec(dllimport) public: static class sf::Vector2<int> __cdecl sf::Mouse::getPosition(class sf::Window const &)" (__imp_?getPosition@Mouse@sf@@SA?AV?$Vector2@H@2@ABVWindow@2@@Z).
Game.obj : error LNK2001: неразрешенный внешний символ "__declspec(dllimport) public: static class sf::Color const sf::Color::White" (__imp_?White@Color@sf@@2V12@B).
Game.obj : error LNK2001: неразрешенный внешний символ "__declspec(dllimport) public: bool __thiscall sf::Font::loadFromFile(class std::basic_string<char,struct std::char_traits<char>,class std::allocator<char> > const &)" (__imp_?loadFromFile@Font@sf@@QAE_NABV?$basic_string@DU?$char_traits@D@std@@V?$allocator@D@2@@std@@@Z).
Game.obj : error LNK2001: неразрешенный внешний символ "__declspec(dllimport) public: __thiscall sf::Font::~Font(void)" (__imp_??1Font@sf@@QAE@XZ).
Game.obj : error LNK2001: неразрешенный внешний символ "__declspec(dllimport) public: __thiscall sf::Font::Font(void)" (__imp_??0Font@sf@@QAE@XZ).
Game.obj : error LNK2001: неразрешенный внешний символ "__declspec(dllimport) public: virtual __thiscall sf::RenderWindow::~RenderWindow(void)" (__imp_??1RenderWindow@sf@@UAE@XZ).
Game.obj : error LNK2001: неразрешенный внешний символ "__declspec(dllimport) public: __thiscall sf::RenderWindow::RenderWindow(class sf::VideoMode,class sf::String const &,unsigned int,struct sf::ContextSettings const &)" (__imp_??0RenderWindow@sf@@QAE@VVideoMode@1@ABVString@1@IABUContextSettings@1@@Z).
Game.obj : error LNK2001: неразрешенный внешний символ "__declspec(dllimport) public: __thiscall sf::Color::Color(unsigned char,unsigned char,unsigned char,unsigned char)" (__imp_??0Color@sf@@QAE@EEEE@Z).
Game.obj : error LNK2001: неразрешенный внешний символ "__declspec(dllimport) public: void __thiscall sf::Window::display(void)" (__imp_?display@Window@sf@@QAEXXZ).
Game.obj : error LNK2001: неразрешенный внешний символ "__declspec(dllimport) public: bool __thiscall sf::Window::pollEvent(class sf::Event &)" (__imp_?pollEvent@Window@sf@@QAE_NAAVEvent@2@@Z).
Game.obj : error LNK2001: неразрешенный внешний символ "__declspec(dllimport) public: bool __thiscall sf::Window::isOpen(void)const " (__imp_?isOpen@Window@sf@@QBE_NXZ).
Game.obj : error LNK2001: неразрешенный внешний символ "__declspec(dllimport) public: void __thiscall sf::Window::close(void)" (__imp_?close@Window@sf@@QAEXXZ).
Game.obj : error LNK2001: неразрешенный внешний символ "__declspec(dllimport) public: void __thiscall sf::RenderTarget::clear(class sf::Color const &)" (__imp_?clear@RenderTarget@sf@@QAEXABVColor@2@@Z).
Game.obj : error LNK2001: неразрешенный внешний символ "__declspec(dllimport) public: static bool __cdecl sf::Keyboard::isKeyPressed(enum sf::Keyboard::Key)" (__imp_?isKeyPressed@Keyboard@sf@@SA_NW4Key@12@@Z).
Game.obj : error LNK2001: неразрешенный внешний символ "__declspec(dllimport) public: __thiscall sf::String::String(char const *,class std::locale const &)" (__imp_??0String@sf@@QAE@PBDABVlocale@std@@@Z).
Game.obj : error LNK2001: неразрешенный внешний символ "__declspec(dllimport) public: __thiscall sf::VideoMode::VideoMode(unsigned int,unsigned int,unsigned int)" (__imp_??0VideoMode@sf@@QAE@III@Z).
Game.obj : error LNK2001: неразрешенный внешний символ "__declspec(dllimport) public: __thiscall sf::Sprite::Sprite(class sf::Texture const &)" (__imp_??0Sprite@sf@@QAE@ABVTexture@1@@Z).
Game.obj : error LNK2001: неразрешенный внешний символ "__declspec(dllimport) public: void __thiscall sf::Text::setOutlineColor(class sf::Color const &)" (__imp_?setOutlineColor@Text@sf@@QAEXABVColor@2@@Z).
Game.obj : error LNK2001: неразрешенный внешний символ "__declspec(dllimport) public: void __thiscall sf::Text::setStyle(unsigned int)" (__imp_?setStyle@Text@sf@@QAEXI@Z).
Game.obj : error LNK2001: неразрешенный внешний символ "__declspec(dllimport) public: void __thiscall sf::Text::setString(class sf::String const &)" (__imp_?setString@Text@sf@@QAEXABVString@2@@Z).
Game.obj : error LNK2001: неразрешенный внешний символ "__declspec(dllimport) public: __thiscall sf::Text::Text(class sf::String const &,class sf::Font const &,unsigned int)" (__imp_??0Text@sf@@QAE@ABVString@1@ABVFont@1@I@Z).
Game.obj : error LNK2001: неразрешенный внешний символ "__declspec(dllimport) public: static bool __cdecl sf::Mouse::isButtonPressed(enum sf::Mouse::Button)" (__imp_?isButtonPressed@Mouse@sf@@SA_NW4Button@12@@Z).
Game.obj : error LNK2001: неразрешенный внешний символ "__declspec(dllimport) public: virtual __thiscall sf::Text::~Text(void)" (__imp_??1Text@sf@@UAE@XZ).
Game.obj : error LNK2001: неразрешенный внешний символ "__declspec(dllimport) public: __thiscall sf::String::~String(void)" (__imp_??1String@sf@@QAE@XZ).
IO.obj : error LNK2001: неразрешенный внешний символ "__declspec(dllimport) public: __thiscall sf::String::String(class std::basic_string<char,struct std::char_traits<char>,class std::allocator<char> > const &,class std::locale const &)" (__imp_??0String@sf@@QAE@ABV?$basic_string@DU?$char_traits@D@std@@V?$allocator@D@2@@std@@ABVlocale@3@@Z).
C:\Users\Асус\source\repos\checkers3.0\Release\checkers3.0.exe : fatal error LNK1120: неразрешенных внешних элементов: 39
